<?xml version="1.0" encoding="UTF-8"?>
<robot generator="Robot 4.1.3 (Python 3.10.2 on darwin)" generated="20220314 13:21:50.052" rpa="false" schemaversion="2">
<suite id="s1" name="Demo" source="/Users/yashaswinisd/Desktop/scripts/testscript/demo.robot">
<test id="s1-t1" name="TC1">
<kw name="Open Browser" library="SeleniumLibrary">
<arg>https://kuvera.in/login</arg>
<arg>chrome</arg>
<doc>Opens a new browser instance to the optional ``url``.</doc>
<msg timestamp="20220314 13:21:50.111" level="INFO">Opening browser 'chrome' to base url 'https://kuvera.in/login'.</msg>
<status status="PASS" starttime="20220314 13:21:50.111" endtime="20220314 13:21:52.634"/>
</kw>
<kw name="Maximize Browser Window" library="SeleniumLibrary">
<doc>Maximizes current browser window.</doc>
<status status="PASS" starttime="20220314 13:21:52.634" endtime="20220314 13:21:52.754"/>
</kw>
<kw name="Sleep" library="BuiltIn">
<arg>5s</arg>
<doc>Pauses the test executed for the given time.</doc>
<msg timestamp="20220314 13:21:57.758" level="INFO">Slept 5 seconds</msg>
<status status="PASS" starttime="20220314 13:21:52.755" endtime="20220314 13:21:57.758"/>
</kw>
<kw name="Input Text" library="SeleniumLibrary">
<arg>id:email</arg>
<arg>moolya@kuvera.in</arg>
<doc>Types the given ``text`` into the text field identified by ``locator``.</doc>
<msg timestamp="20220314 13:21:57.759" level="INFO">Typing text 'moolya@kuvera.in' into text field 'id:email'.</msg>
<status status="PASS" starttime="20220314 13:21:57.758" endtime="20220314 13:21:57.857"/>
</kw>
<kw name="Sleep" library="BuiltIn">
<arg>1s</arg>
<doc>Pauses the test executed for the given time.</doc>
<msg timestamp="20220314 13:21:58.858" level="INFO">Slept 1 second</msg>
<status status="PASS" starttime="20220314 13:21:57.858" endtime="20220314 13:21:58.859"/>
</kw>
<kw name="Input Password" library="SeleniumLibrary">
<arg>id:password</arg>
<arg>kuveratesting123</arg>
<doc>Types the given password into the text field identified by ``locator``.</doc>
<msg timestamp="20220314 13:21:58.860" level="INFO">Typing password into text field 'id:password'.</msg>
<msg timestamp="20220314 13:21:58.899" level="INFO">Temporally setting log level to: NONE</msg>
<msg timestamp="20220314 13:21:58.929" level="INFO">Log level changed from NONE to INFO.</msg>
<status status="PASS" starttime="20220314 13:21:58.859" endtime="20220314 13:21:58.929"/>
</kw>
<kw name="Sleep" library="BuiltIn">
<arg>1s</arg>
<doc>Pauses the test executed for the given time.</doc>
<msg timestamp="20220314 13:21:59.932" level="INFO">Slept 1 second</msg>
<status status="PASS" starttime="20220314 13:21:58.929" endtime="20220314 13:21:59.932"/>
</kw>
<kw name="Click Button" library="SeleniumLibrary">
<arg>//button[.='LOGIN']</arg>
<doc>Clicks the button identified by ``locator``.</doc>
<msg timestamp="20220314 13:21:59.934" level="INFO">Clicking button '//button[.='LOGIN']'.</msg>
<status status="PASS" starttime="20220314 13:21:59.933" endtime="20220314 13:21:59.994"/>
</kw>
<kw name="Sleep" library="BuiltIn">
<arg>5s</arg>
<doc>Pauses the test executed for the given time.</doc>
<msg timestamp="20220314 13:22:04.996" level="INFO">Slept 5 seconds</msg>
<status status="PASS" starttime="20220314 13:21:59.995" endtime="20220314 13:22:04.996"/>
</kw>
<kw name="Wait Until Element Is Visible" library="SeleniumLibrary">
<arg>//button[.='Authorize']</arg>
<doc>Waits until the element ``locator`` is visible.</doc>
<status status="PASS" starttime="20220314 13:22:04.997" endtime="20220314 13:22:06.098"/>
</kw>
<kw name="Click Element" library="SeleniumLibrary">
<arg>//img[@style='height: auto; width: auto;']</arg>
<doc>Click the element identified by ``locator``.</doc>
<msg timestamp="20220314 13:22:06.099" level="INFO">Clicking element '//img[@style='height: auto; width: auto;']'.</msg>
<status status="PASS" starttime="20220314 13:22:06.099" endtime="20220314 13:22:06.220"/>
</kw>
<kw name="Sleep" library="BuiltIn">
<arg>2s</arg>
<doc>Pauses the test executed for the given time.</doc>
<msg timestamp="20220314 13:22:08.222" level="INFO">Slept 2 seconds</msg>
<status status="PASS" starttime="20220314 13:22:06.220" endtime="20220314 13:22:08.222"/>
</kw>
<kw name="Click Element" library="SeleniumLibrary">
<arg>//span[.='Stocks']</arg>
<doc>Click the element identified by ``locator``.</doc>
<msg timestamp="20220314 13:22:08.223" level="INFO">Clicking element '//span[.='Stocks']'.</msg>
<status status="PASS" starttime="20220314 13:22:08.223" endtime="20220314 13:22:08.262"/>
</kw>
<kw name="Sleep" library="BuiltIn">
<arg>4s</arg>
<doc>Pauses the test executed for the given time.</doc>
<msg timestamp="20220314 13:22:12.264" level="INFO">Slept 4 seconds</msg>
<status status="PASS" starttime="20220314 13:22:08.262" endtime="20220314 13:22:12.265"/>
</kw>
<kw name="Close Browser" library="SeleniumLibrary">
<doc>Closes the current browser.</doc>
<status status="PASS" starttime="20220314 13:22:12.265" endtime="20220314 13:22:12.346"/>
</kw>
<status status="PASS" starttime="20220314 13:21:50.111" endtime="20220314 13:22:12.346"/>
</test>
<status status="PASS" starttime="20220314 13:21:50.053" endtime="20220314 13:22:12.347"/>
</suite>
<statistics>
<total>
<stat pass="1" fail="0" skip="0">All Tests</stat>
</total>
<tag>
</tag>
<suite>
<stat pass="1" fail="0" skip="0" id="s1" name="Demo">Demo</stat>
</suite>
</statistics>
<errors>
</errors>
</robot>
