<?xml version="1.0" encoding="UTF-8"?>
<robot generator="Robot 4.1.3 (Python 3.10.2 on darwin)" generated="20220308 14:15:15.446" rpa="false" schemaversion="2">
<suite id="s1" name="Demo" source="/Users/yashaswinisd/Desktop/scripts/testscript/demo.robot">
<test id="s1-t1" name="TC1">
<kw name="Open Browser" library="SeleniumLibrary">
<arg>https://google.com</arg>
<arg>chrome</arg>
<doc>Opens a new browser instance to the optional ``url``.</doc>
<msg timestamp="20220308 14:15:15.519" level="INFO">Opening browser 'chrome' to base url 'https://google.com'.</msg>
<status status="PASS" starttime="20220308 14:15:15.519" endtime="20220308 14:15:24.517"/>
</kw>
<kw name="Sleep" library="BuiltIn">
<arg>5s</arg>
<doc>Pauses the test executed for the given time.</doc>
<msg timestamp="20220308 14:15:29.519" level="INFO">Slept 5 seconds</msg>
<status status="PASS" starttime="20220308 14:15:24.518" endtime="20220308 14:15:29.519"/>
</kw>
<kw name="Close Browser" library="SeleniumLibrary">
<doc>Closes the current browser.</doc>
<status status="PASS" starttime="20220308 14:15:29.520" endtime="20220308 14:15:29.598"/>
</kw>
<status status="PASS" starttime="20220308 14:15:15.518" endtime="20220308 14:15:29.599"/>
</test>
<status status="PASS" starttime="20220308 14:15:15.447" endtime="20220308 14:15:29.599"/>
</suite>
<statistics>
<total>
<stat pass="1" fail="0" skip="0">All Tests</stat>
</total>
<tag>
</tag>
<suite>
<stat pass="1" fail="0" skip="0" id="s1" name="Demo">Demo</stat>
</suite>
</statistics>
<errors>
</errors>
</robot>
